<?xml version="1.0" encoding="UTF-8"?>
<coverage generated="1535092962851" clover="3.2.0">
  <project timestamp="1535092962852" name="All files">
    <metrics statements="22" coveredstatements="21" conditionals="0" coveredconditionals="0" methods="15" coveredmethods="14" elements="37" coveredelements="35" complexity="0" loc="22" ncloc="22" packages="1" files="1" classes="1">
      <file name="index.js" path="/Users/braxtonchristensen/Development/Learning/learn-repo/packages/functional-programing/identity-functor/index.js">
        <metrics statements="22" coveredstatements="21" conditionals="0" coveredconditionals="0" methods="15" coveredmethods="14"/>
        <line num="2" count="1" type="stmt"/>
        <line num="3" count="1" type="stmt"/>
        <line num="4" count="1" type="stmt"/>
        <line num="5" count="1" type="stmt"/>
        <line num="7" count="1" type="stmt"/>
        <line num="18" count="1" type="stmt"/>
        <line num="19" count="1" type="stmt"/>
        <line num="20" count="1" type="stmt"/>
        <line num="21" count="1" type="stmt"/>
        <line num="22" count="1" type="stmt"/>
        <line num="23" count="1" type="stmt"/>
        <line num="26" count="4" type="stmt"/>
        <line num="27" count="3" type="stmt"/>
        <line num="28" count="1" type="stmt"/>
        <line num="29" count="0" type="stmt"/>
        <line num="32" count="1" type="stmt"/>
        <line num="33" count="1" type="stmt"/>
        <line num="34" count="1" type="stmt"/>
        <line num="35" count="1" type="stmt"/>
        <line num="36" count="1" type="stmt"/>
        <line num="37" count="1" type="stmt"/>
        <line num="39" count="1" type="stmt"/>
      </file>
    </metrics>
  </project>
</coverage>
