<?xml version="1.0" encoding="UTF-8"?>
<coverage generated="1535146071415" clover="3.2.0">
  <project timestamp="1535146071415" name="All files">
    <metrics statements="27" coveredstatements="26" conditionals="2" coveredconditionals="2" methods="18" coveredmethods="17" elements="47" coveredelements="45" complexity="0" loc="27" ncloc="27" packages="2" files="2" classes="2">
      <package name="algorithms.recursion">
        <metrics statements="5" coveredstatements="5" conditionals="2" coveredconditionals="2" methods="3" coveredmethods="3"/>
        <file name="index.js" path="/Users/braxtonchristensen/Development/Learning/learn-repo/packages/algorithms/recursion/index.js">
          <metrics statements="5" coveredstatements="5" conditionals="2" coveredconditionals="2" methods="3" coveredmethods="3"/>
          <line num="1" count="10" type="stmt"/>
          <line num="2" count="1" type="stmt"/>
          <line num="4" count="12" type="cond" truecount="2" falsecount="0"/>
          <line num="5" count="1" type="stmt"/>
          <line num="10" count="1" type="stmt"/>
        </file>
      </package>
      <package name="functional-programing.identity-functor">
        <metrics statements="22" coveredstatements="21" conditionals="0" coveredconditionals="0" methods="15" coveredmethods="14"/>
        <file name="index.js" path="/Users/braxtonchristensen/Development/Learning/learn-repo/packages/functional-programing/identity-functor/index.js">
          <metrics statements="22" coveredstatements="21" conditionals="0" coveredconditionals="0" methods="15" coveredmethods="14"/>
          <line num="2" count="1" type="stmt"/>
          <line num="3" count="1" type="stmt"/>
          <line num="4" count="1" type="stmt"/>
          <line num="5" count="1" type="stmt"/>
          <line num="7" count="1" type="stmt"/>
          <line num="19" count="1" type="stmt"/>
          <line num="20" count="1" type="stmt"/>
          <line num="21" count="1" type="stmt"/>
          <line num="22" count="1" type="stmt"/>
          <line num="23" count="1" type="stmt"/>
          <line num="24" count="1" type="stmt"/>
          <line num="27" count="4" type="stmt"/>
          <line num="28" count="3" type="stmt"/>
          <line num="29" count="1" type="stmt"/>
          <line num="30" count="0" type="stmt"/>
          <line num="34" count="1" type="stmt"/>
          <line num="35" count="1" type="stmt"/>
          <line num="36" count="1" type="stmt"/>
          <line num="37" count="1" type="stmt"/>
          <line num="38" count="1" type="stmt"/>
          <line num="39" count="1" type="stmt"/>
          <line num="41" count="1" type="stmt"/>
        </file>
      </package>
    </metrics>
  </project>
</coverage>
