{"/Users/braxtonchristensen/Development/Learning/learn-repo/packages/functional-programing/identity-functor/index.js": {"path":"/Users/braxtonchristensen/Development/Learning/learn-repo/packages/functional-programing/identity-functor/index.js","statementMap":{"0":{"start":{"line":2,"column":32},"end":{"line":8,"column":1}},"1":{"start":{"line":3,"column":18},"end":{"line":3,"column":34}},"2":{"start":{"line":4,"column":17},"end":{"line":4,"column":34}},"3":{"start":{"line":5,"column":21},"end":{"line":5,"column":31}},"4":{"start":{"line":7,"column":2},"end":{"line":7,"column":41}},"5":{"start":{"line":18,"column":26},"end":{"line":23,"column":37}},"6":{"start":{"line":19,"column":2},"end":{"line":23,"column":37}},"7":{"start":{"line":20,"column":14},"end":{"line":20,"column":22}},"8":{"start":{"line":21,"column":14},"end":{"line":21,"column":25}},"9":{"start":{"line":22,"column":14},"end":{"line":22,"column":19}},"10":{"start":{"line":23,"column":14},"end":{"line":23,"column":36}},"11":{"start":{"line":26,"column":12},"end":{"line":30,"column":2}},"12":{"start":{"line":26,"column":20},"end":{"line":30,"column":1}},"13":{"start":{"line":27,"column":12},"end":{"line":27,"column":21}},"14":{"start":{"line":28,"column":13},"end":{"line":28,"column":17}},"15":{"start":{"line":29,"column":17},"end":{"line":29,"column":28}},"16":{"start":{"line":32,"column":33},"end":{"line":37,"column":38}},"17":{"start":{"line":33,"column":2},"end":{"line":37,"column":38}},"18":{"start":{"line":34,"column":14},"end":{"line":34,"column":22}},"19":{"start":{"line":35,"column":14},"end":{"line":35,"column":25}},"20":{"start":{"line":36,"column":14},"end":{"line":36,"column":19}},"21":{"start":{"line":37,"column":15},"end":{"line":37,"column":37}},"22":{"start":{"line":39,"column":0},"end":{"line":43,"column":2}}},"fnMap":{"0":{"name":"(anonymous_0)","decl":{"start":{"line":2,"column":32},"end":{"line":2,"column":33}},"loc":{"start":{"line":2,"column":47},"end":{"line":8,"column":1}},"line":2},"1":{"name":"(anonymous_1)","decl":{"start":{"line":18,"column":26},"end":{"line":18,"column":27}},"loc":{"start":{"line":19,"column":2},"end":{"line":23,"column":37}},"line":19},"2":{"name":"(anonymous_2)","decl":{"start":{"line":20,"column":9},"end":{"line":20,"column":10}},"loc":{"start":{"line":20,"column":14},"end":{"line":20,"column":22}},"line":20},"3":{"name":"(anonymous_3)","decl":{"start":{"line":21,"column":9},"end":{"line":21,"column":10}},"loc":{"start":{"line":21,"column":14},"end":{"line":21,"column":25}},"line":21},"4":{"name":"(anonymous_4)","decl":{"start":{"line":22,"column":9},"end":{"line":22,"column":10}},"loc":{"start":{"line":22,"column":14},"end":{"line":22,"column":19}},"line":22},"5":{"name":"(anonymous_5)","decl":{"start":{"line":23,"column":9},"end":{"line":23,"column":10}},"loc":{"start":{"line":23,"column":14},"end":{"line":23,"column":36}},"line":23},"6":{"name":"(anonymous_6)","decl":{"start":{"line":26,"column":12},"end":{"line":26,"column":13}},"loc":{"start":{"line":26,"column":20},"end":{"line":30,"column":1}},"line":26},"7":{"name":"(anonymous_7)","decl":{"start":{"line":27,"column":7},"end":{"line":27,"column":8}},"loc":{"start":{"line":27,"column":12},"end":{"line":27,"column":21}},"line":27},"8":{"name":"(anonymous_8)","decl":{"start":{"line":28,"column":8},"end":{"line":28,"column":9}},"loc":{"start":{"line":28,"column":13},"end":{"line":28,"column":17}},"line":28},"9":{"name":"(anonymous_9)","decl":{"start":{"line":29,"column":11},"end":{"line":29,"column":12}},"loc":{"start":{"line":29,"column":17},"end":{"line":29,"column":28}},"line":29},"10":{"name":"(anonymous_10)","decl":{"start":{"line":32,"column":33},"end":{"line":32,"column":34}},"loc":{"start":{"line":33,"column":2},"end":{"line":37,"column":38}},"line":33},"11":{"name":"(anonymous_11)","decl":{"start":{"line":34,"column":9},"end":{"line":34,"column":10}},"loc":{"start":{"line":34,"column":14},"end":{"line":34,"column":22}},"line":34},"12":{"name":"(anonymous_12)","decl":{"start":{"line":35,"column":9},"end":{"line":35,"column":10}},"loc":{"start":{"line":35,"column":14},"end":{"line":35,"column":25}},"line":35},"13":{"name":"(anonymous_13)","decl":{"start":{"line":36,"column":9},"end":{"line":36,"column":10}},"loc":{"start":{"line":36,"column":14},"end":{"line":36,"column":19}},"line":36},"14":{"name":"(anonymous_14)","decl":{"start":{"line":37,"column":10},"end":{"line":37,"column":11}},"loc":{"start":{"line":37,"column":15},"end":{"line":37,"column":37}},"line":37}},"branchMap":{},"s":{"0":1,"1":1,"2":1,"3":1,"4":1,"5":1,"6":1,"7":1,"8":1,"9":1,"10":1,"11":1,"12":4,"13":3,"14":1,"15":0,"16":1,"17":1,"18":1,"19":1,"20":1,"21":1,"22":1},"f":{"0":1,"1":1,"2":1,"3":1,"4":1,"5":1,"6":4,"7":3,"8":1,"9":0,"10":1,"11":1,"12":1,"13":1,"14":1},"b":{},"_coverageSchema":"332fd63041d2c1bcb487cc26dd0d5f7d97098a6c","hash":"2bef9795d03eb096341ba2a02d6bc0e32f5c0a58"}
}
