{"/Users/braxtonchristensen/Development/Learning/learn-repo/packages/algorithms/recursion/index.js": {"path":"/Users/braxtonchristensen/Development/Learning/learn-repo/packages/algorithms/recursion/index.js","statementMap":{"0":{"start":{"line":1,"column":12},"end":{"line":1,"column":51}},"1":{"start":{"line":1,"column":18},"end":{"line":1,"column":51}},"2":{"start":{"line":1,"column":40},"end":{"line":1,"column":47}},"3":{"start":{"line":2,"column":0},"end":{"line":2,"column":20}},"4":{"start":{"line":4,"column":18},"end":{"line":4,"column":61}},"5":{"start":{"line":4,"column":23},"end":{"line":4,"column":61}},"6":{"start":{"line":5,"column":0},"end":{"line":5,"column":12}},"7":{"start":{"line":10,"column":0},"end":{"line":13,"column":1}}},"fnMap":{"0":{"name":"(anonymous_0)","decl":{"start":{"line":1,"column":12},"end":{"line":1,"column":13}},"loc":{"start":{"line":1,"column":18},"end":{"line":1,"column":51}},"line":1},"1":{"name":"(anonymous_1)","decl":{"start":{"line":1,"column":28},"end":{"line":1,"column":29}},"loc":{"start":{"line":1,"column":40},"end":{"line":1,"column":47}},"line":1},"2":{"name":"(anonymous_2)","decl":{"start":{"line":4,"column":18},"end":{"line":4,"column":19}},"loc":{"start":{"line":4,"column":23},"end":{"line":4,"column":61}},"line":4}},"branchMap":{"0":{"loc":{"start":{"line":4,"column":23},"end":{"line":4,"column":61}},"type":"cond-expr","locations":[{"start":{"line":4,"column":31},"end":{"line":4,"column":56}},{"start":{"line":4,"column":59},"end":{"line":4,"column":61}}],"line":4}},"s":{"0":1,"1":2,"2":10,"3":1,"4":1,"5":12,"6":1,"7":1},"f":{"0":2,"1":10,"2":12},"b":{"0":[10,2]},"_coverageSchema":"332fd63041d2c1bcb487cc26dd0d5f7d97098a6c","hash":"1a26af89fda518367fc2c2f13d9f9bdb49fbe09a"}
,"/Users/braxtonchristensen/Development/Learning/learn-repo/packages/functional-programing/identity-functor/index.js": {"path":"/Users/braxtonchristensen/Development/Learning/learn-repo/packages/functional-programing/identity-functor/index.js","statementMap":{"0":{"start":{"line":2,"column":32},"end":{"line":8,"column":1}},"1":{"start":{"line":3,"column":18},"end":{"line":3,"column":34}},"2":{"start":{"line":4,"column":17},"end":{"line":4,"column":34}},"3":{"start":{"line":5,"column":21},"end":{"line":5,"column":31}},"4":{"start":{"line":7,"column":2},"end":{"line":7,"column":41}},"5":{"start":{"line":19,"column":26},"end":{"line":24,"column":37}},"6":{"start":{"line":20,"column":2},"end":{"line":24,"column":37}},"7":{"start":{"line":21,"column":14},"end":{"line":21,"column":22}},"8":{"start":{"line":22,"column":14},"end":{"line":22,"column":25}},"9":{"start":{"line":23,"column":14},"end":{"line":23,"column":19}},"10":{"start":{"line":24,"column":14},"end":{"line":24,"column":36}},"11":{"start":{"line":27,"column":12},"end":{"line":31,"column":2}},"12":{"start":{"line":27,"column":20},"end":{"line":31,"column":1}},"13":{"start":{"line":28,"column":12},"end":{"line":28,"column":21}},"14":{"start":{"line":29,"column":13},"end":{"line":29,"column":17}},"15":{"start":{"line":30,"column":17},"end":{"line":30,"column":28}},"16":{"start":{"line":34,"column":33},"end":{"line":39,"column":38}},"17":{"start":{"line":35,"column":2},"end":{"line":39,"column":38}},"18":{"start":{"line":36,"column":14},"end":{"line":36,"column":22}},"19":{"start":{"line":37,"column":14},"end":{"line":37,"column":25}},"20":{"start":{"line":38,"column":14},"end":{"line":38,"column":19}},"21":{"start":{"line":39,"column":15},"end":{"line":39,"column":37}},"22":{"start":{"line":41,"column":0},"end":{"line":45,"column":2}}},"fnMap":{"0":{"name":"(anonymous_0)","decl":{"start":{"line":2,"column":32},"end":{"line":2,"column":33}},"loc":{"start":{"line":2,"column":47},"end":{"line":8,"column":1}},"line":2},"1":{"name":"(anonymous_1)","decl":{"start":{"line":19,"column":26},"end":{"line":19,"column":27}},"loc":{"start":{"line":20,"column":2},"end":{"line":24,"column":37}},"line":20},"2":{"name":"(anonymous_2)","decl":{"start":{"line":21,"column":9},"end":{"line":21,"column":10}},"loc":{"start":{"line":21,"column":14},"end":{"line":21,"column":22}},"line":21},"3":{"name":"(anonymous_3)","decl":{"start":{"line":22,"column":9},"end":{"line":22,"column":10}},"loc":{"start":{"line":22,"column":14},"end":{"line":22,"column":25}},"line":22},"4":{"name":"(anonymous_4)","decl":{"start":{"line":23,"column":9},"end":{"line":23,"column":10}},"loc":{"start":{"line":23,"column":14},"end":{"line":23,"column":19}},"line":23},"5":{"name":"(anonymous_5)","decl":{"start":{"line":24,"column":9},"end":{"line":24,"column":10}},"loc":{"start":{"line":24,"column":14},"end":{"line":24,"column":36}},"line":24},"6":{"name":"(anonymous_6)","decl":{"start":{"line":27,"column":12},"end":{"line":27,"column":13}},"loc":{"start":{"line":27,"column":20},"end":{"line":31,"column":1}},"line":27},"7":{"name":"(anonymous_7)","decl":{"start":{"line":28,"column":7},"end":{"line":28,"column":8}},"loc":{"start":{"line":28,"column":12},"end":{"line":28,"column":21}},"line":28},"8":{"name":"(anonymous_8)","decl":{"start":{"line":29,"column":8},"end":{"line":29,"column":9}},"loc":{"start":{"line":29,"column":13},"end":{"line":29,"column":17}},"line":29},"9":{"name":"(anonymous_9)","decl":{"start":{"line":30,"column":11},"end":{"line":30,"column":12}},"loc":{"start":{"line":30,"column":17},"end":{"line":30,"column":28}},"line":30},"10":{"name":"(anonymous_10)","decl":{"start":{"line":34,"column":33},"end":{"line":34,"column":34}},"loc":{"start":{"line":35,"column":2},"end":{"line":39,"column":38}},"line":35},"11":{"name":"(anonymous_11)","decl":{"start":{"line":36,"column":9},"end":{"line":36,"column":10}},"loc":{"start":{"line":36,"column":14},"end":{"line":36,"column":22}},"line":36},"12":{"name":"(anonymous_12)","decl":{"start":{"line":37,"column":9},"end":{"line":37,"column":10}},"loc":{"start":{"line":37,"column":14},"end":{"line":37,"column":25}},"line":37},"13":{"name":"(anonymous_13)","decl":{"start":{"line":38,"column":9},"end":{"line":38,"column":10}},"loc":{"start":{"line":38,"column":14},"end":{"line":38,"column":19}},"line":38},"14":{"name":"(anonymous_14)","decl":{"start":{"line":39,"column":10},"end":{"line":39,"column":11}},"loc":{"start":{"line":39,"column":15},"end":{"line":39,"column":37}},"line":39}},"branchMap":{},"s":{"0":1,"1":1,"2":1,"3":1,"4":1,"5":1,"6":1,"7":1,"8":1,"9":1,"10":1,"11":1,"12":4,"13":3,"14":1,"15":0,"16":1,"17":1,"18":1,"19":1,"20":1,"21":1,"22":1},"f":{"0":1,"1":1,"2":1,"3":1,"4":1,"5":1,"6":4,"7":3,"8":1,"9":0,"10":1,"11":1,"12":1,"13":1,"14":1},"b":{},"_coverageSchema":"332fd63041d2c1bcb487cc26dd0d5f7d97098a6c","hash":"67a2304b962f8bcfca28e41252efbe0254ec3abf"}
}
