TN:
SF:/Users/braxtonchristensen/Development/Learning/learn-repo/packages/algorithms/recursion/index.js
FN:1,(anonymous_0)
FN:1,(anonymous_1)
FN:4,(anonymous_2)
FNF:3
FNH:3
FNDA:2,(anonymous_0)
FNDA:10,(anonymous_1)
FNDA:12,(anonymous_2)
DA:1,10
DA:2,1
DA:4,12
DA:5,1
DA:10,1
LF:5
LH:5
BRDA:4,0,0,10
BRDA:4,0,1,2
BRF:2
BRH:2
end_of_record
TN:
SF:/Users/braxtonchristensen/Development/Learning/learn-repo/packages/functional-programing/identity-functor/index.js
FN:2,(anonymous_0)
FN:19,(anonymous_1)
FN:21,(anonymous_2)
FN:22,(anonymous_3)
FN:23,(anonymous_4)
FN:24,(anonymous_5)
FN:27,(anonymous_6)
FN:28,(anonymous_7)
FN:29,(anonymous_8)
FN:30,(anonymous_9)
FN:34,(anonymous_10)
FN:36,(anonymous_11)
FN:37,(anonymous_12)
FN:38,(anonymous_13)
FN:39,(anonymous_14)
FNF:15
FNH:14
FNDA:1,(anonymous_0)
FNDA:1,(anonymous_1)
FNDA:1,(anonymous_2)
FNDA:1,(anonymous_3)
FNDA:1,(anonymous_4)
FNDA:1,(anonymous_5)
FNDA:4,(anonymous_6)
FNDA:3,(anonymous_7)
FNDA:1,(anonymous_8)
FNDA:0,(anonymous_9)
FNDA:1,(anonymous_10)
FNDA:1,(anonymous_11)
FNDA:1,(anonymous_12)
FNDA:1,(anonymous_13)
FNDA:1,(anonymous_14)
DA:2,1
DA:3,1
DA:4,1
DA:5,1
DA:7,1
DA:19,1
DA:20,1
DA:21,1
DA:22,1
DA:23,1
DA:24,1
DA:27,4
DA:28,3
DA:29,1
DA:30,0
DA:34,1
DA:35,1
DA:36,1
DA:37,1
DA:38,1
DA:39,1
DA:41,1
LF:22
LH:21
BRF:0
BRH:0
end_of_record
