TN:
SF:/Users/braxtonchristensen/Development/Learning/learn-repo/packages/functional-programing/identity-functor/index.js
FN:2,(anonymous_0)
FN:18,(anonymous_1)
FN:20,(anonymous_2)
FN:21,(anonymous_3)
FN:22,(anonymous_4)
FN:23,(anonymous_5)
FN:26,(anonymous_6)
FN:27,(anonymous_7)
FN:28,(anonymous_8)
FN:29,(anonymous_9)
FN:32,(anonymous_10)
FN:34,(anonymous_11)
FN:35,(anonymous_12)
FN:36,(anonymous_13)
FN:37,(anonymous_14)
FNF:15
FNH:14
FNDA:1,(anonymous_0)
FNDA:1,(anonymous_1)
FNDA:1,(anonymous_2)
FNDA:1,(anonymous_3)
FNDA:1,(anonymous_4)
FNDA:1,(anonymous_5)
FNDA:4,(anonymous_6)
FNDA:3,(anonymous_7)
FNDA:1,(anonymous_8)
FNDA:0,(anonymous_9)
FNDA:1,(anonymous_10)
FNDA:1,(anonymous_11)
FNDA:1,(anonymous_12)
FNDA:1,(anonymous_13)
FNDA:1,(anonymous_14)
DA:2,1
DA:3,1
DA:4,1
DA:5,1
DA:7,1
DA:18,1
DA:19,1
DA:20,1
DA:21,1
DA:22,1
DA:23,1
DA:26,4
DA:27,3
DA:28,1
DA:29,0
DA:32,1
DA:33,1
DA:34,1
DA:35,1
DA:36,1
DA:37,1
DA:39,1
LF:22
LH:21
BRF:0
BRH:0
end_of_record
